[2021-05-31 18:40:43Z INFO HostContext] No proxy settings were found based on environmental variables (http_proxy/https_proxy/HTTP_PROXY/HTTPS_PROXY)
[2021-05-31 18:40:43Z INFO HostContext] Well known directory 'Bin': '/Users/emilian.radu/Developer/personal/meetup/actions-runner/bin'
[2021-05-31 18:40:43Z INFO HostContext] Well known directory 'Root': '/Users/emilian.radu/Developer/personal/meetup/actions-runner'
[2021-05-31 18:40:43Z INFO HostContext] Well known config file 'Credentials': '/Users/emilian.radu/Developer/personal/meetup/actions-runner/.credentials'
[2021-05-31 18:40:43Z INFO Listener] Runner is built for OSX (X64) - osx-x64.
[2021-05-31 18:40:43Z INFO Listener] RuntimeInformation: Darwin 20.5.0 Darwin Kernel Version 20.5.0: Sat May  8 05:10:33 PDT 2021; root:xnu-7195.121.3~9/RELEASE_X86_64.
[2021-05-31 18:40:43Z INFO Listener] Version: 2.278.0
[2021-05-31 18:40:43Z INFO Listener] Commit: 62d926efce35d3ea16d7624a25aaa5b300737def
[2021-05-31 18:40:43Z INFO Listener] Culture: 
[2021-05-31 18:40:43Z INFO Listener] UI Culture: 
[2021-05-31 18:40:43Z INFO HostContext] Well known directory 'Bin': '/Users/emilian.radu/Developer/personal/meetup/actions-runner/bin'
[2021-05-31 18:40:43Z INFO HostContext] Well known directory 'Root': '/Users/emilian.radu/Developer/personal/meetup/actions-runner'
[2021-05-31 18:40:43Z INFO Listener] Validating directory permissions for: '/Users/emilian.radu/Developer/personal/meetup/actions-runner'
[2021-05-31 18:40:43Z INFO CommandLineParser] Parse
[2021-05-31 18:40:43Z INFO CommandLineParser] Parsing 1 args
[2021-05-31 18:40:43Z INFO CommandLineParser] parsing argument
[2021-05-31 18:40:43Z INFO CommandLineParser] HasArgs: False
[2021-05-31 18:40:43Z INFO CommandLineParser] Adding Command: run
[2021-05-31 18:40:43Z INFO Listener] Arguments parsed
[2021-05-31 18:40:43Z INFO Runner] ExecuteCommand
[2021-05-31 18:40:43Z INFO ConfigurationStore] currentAssemblyLocation: /Users/emilian.radu/Developer/personal/meetup/actions-runner/bin/Runner.Listener.dll
[2021-05-31 18:40:43Z INFO HostContext] Well known directory 'Bin': '/Users/emilian.radu/Developer/personal/meetup/actions-runner/bin'
[2021-05-31 18:40:43Z INFO ConfigurationStore] binPath: /Users/emilian.radu/Developer/personal/meetup/actions-runner/bin
[2021-05-31 18:40:43Z INFO HostContext] Well known directory 'Bin': '/Users/emilian.radu/Developer/personal/meetup/actions-runner/bin'
[2021-05-31 18:40:43Z INFO HostContext] Well known directory 'Root': '/Users/emilian.radu/Developer/personal/meetup/actions-runner'
[2021-05-31 18:40:43Z INFO ConfigurationStore] RootFolder: /Users/emilian.radu/Developer/personal/meetup/actions-runner
[2021-05-31 18:40:43Z INFO HostContext] Well known directory 'Bin': '/Users/emilian.radu/Developer/personal/meetup/actions-runner/bin'
[2021-05-31 18:40:43Z INFO HostContext] Well known directory 'Root': '/Users/emilian.radu/Developer/personal/meetup/actions-runner'
[2021-05-31 18:40:43Z INFO HostContext] Well known config file 'Runner': '/Users/emilian.radu/Developer/personal/meetup/actions-runner/.runner'
[2021-05-31 18:40:43Z INFO ConfigurationStore] ConfigFilePath: /Users/emilian.radu/Developer/personal/meetup/actions-runner/.runner
[2021-05-31 18:40:43Z INFO HostContext] Well known directory 'Bin': '/Users/emilian.radu/Developer/personal/meetup/actions-runner/bin'
[2021-05-31 18:40:43Z INFO HostContext] Well known directory 'Root': '/Users/emilian.radu/Developer/personal/meetup/actions-runner'
[2021-05-31 18:40:43Z INFO HostContext] Well known config file 'Credentials': '/Users/emilian.radu/Developer/personal/meetup/actions-runner/.credentials'
[2021-05-31 18:40:43Z INFO ConfigurationStore] CredFilePath: /Users/emilian.radu/Developer/personal/meetup/actions-runner/.credentials
[2021-05-31 18:40:43Z INFO HostContext] Well known directory 'Bin': '/Users/emilian.radu/Developer/personal/meetup/actions-runner/bin'
[2021-05-31 18:40:43Z INFO HostContext] Well known directory 'Root': '/Users/emilian.radu/Developer/personal/meetup/actions-runner'
[2021-05-31 18:40:43Z INFO HostContext] Well known config file 'MigratedCredentials': '/Users/emilian.radu/Developer/personal/meetup/actions-runner/.credentials_migrated'
[2021-05-31 18:40:43Z INFO ConfigurationStore] MigratedCredFilePath: /Users/emilian.radu/Developer/personal/meetup/actions-runner/.credentials_migrated
[2021-05-31 18:40:43Z INFO HostContext] Well known directory 'Bin': '/Users/emilian.radu/Developer/personal/meetup/actions-runner/bin'
[2021-05-31 18:40:43Z INFO HostContext] Well known directory 'Root': '/Users/emilian.radu/Developer/personal/meetup/actions-runner'
[2021-05-31 18:40:43Z INFO HostContext] Well known config file 'Service': '/Users/emilian.radu/Developer/personal/meetup/actions-runner/.service'
[2021-05-31 18:40:43Z INFO ConfigurationStore] ServiceConfigFilePath: /Users/emilian.radu/Developer/personal/meetup/actions-runner/.service
[2021-05-31 18:40:43Z INFO CommandSettings] Flag 'help': 'False'
[2021-05-31 18:40:43Z INFO CommandSettings] Flag 'version': 'False'
[2021-05-31 18:40:43Z INFO CommandSettings] Flag 'commit': 'False'
[2021-05-31 18:40:43Z INFO CommandSettings] Flag 'check': 'False'
[2021-05-31 18:40:43Z INFO CommandSettings] Command 'configure': 'False'
[2021-05-31 18:40:43Z INFO CommandSettings] Command 'remove': 'False'
[2021-05-31 18:40:43Z INFO CommandSettings] Command 'warmup': 'False'
[2021-05-31 18:40:43Z INFO ConfigurationManager] LoadSettings
[2021-05-31 18:40:43Z INFO ConfigurationStore] IsConfigured()
[2021-05-31 18:40:43Z INFO ConfigurationStore] IsConfigured: True
[2021-05-31 18:40:43Z INFO ConfigurationManager] Is configured: True
[2021-05-31 18:40:43Z INFO ConfigurationStore] Read setting file: 279 chars
[2021-05-31 18:40:43Z INFO ConfigurationManager] Settings Loaded
[2021-05-31 18:40:43Z INFO ConfigurationStore] IsServiceConfigured()
[2021-05-31 18:40:43Z INFO ConfigurationStore] IsServiceConfigured: False
[2021-05-31 18:40:43Z INFO CommandSettings] Command 'run': 'True'
[2021-05-31 18:40:43Z INFO ConfigurationStore] IsConfigured()
[2021-05-31 18:40:43Z INFO ConfigurationStore] IsConfigured: True
[2021-05-31 18:40:43Z INFO ConfigurationManager] Is configured: True
[2021-05-31 18:40:43Z INFO Runner] Could not parse the argument value '' for StartupType. Defaulting to Manual
[2021-05-31 18:40:43Z INFO Runner] Set runner startup type - Manual
[2021-05-31 18:40:43Z INFO CommandSettings] Flag 'once': 'False'
[2021-05-31 18:40:43Z INFO Runner] RunAsync
[2021-05-31 18:40:43Z INFO ConfigurationManager] LoadSettings
[2021-05-31 18:40:43Z INFO ConfigurationStore] IsConfigured()
[2021-05-31 18:40:43Z INFO ConfigurationStore] IsConfigured: True
[2021-05-31 18:40:43Z INFO ConfigurationManager] Is configured: True
[2021-05-31 18:40:43Z INFO ConfigurationManager] Settings Loaded
[2021-05-31 18:40:43Z INFO MessageListener] {
  "AgentId": 2,
  "AgentName": "runner",
  "PoolId": 1,
  "PoolName": "Default",
  "ServerUrl": "https://pipelines.actions.githubusercontent.com/fmUE3LYSs809YfBzQRKo41IsvVmAB373DFlngoUyxliPqTfzWH",
  "GitHubUrl": "https://github.com/emiradu98/meetup",
  "WorkFolder": "_work"
}
[2021-05-31 18:40:43Z INFO MessageListener] Loading Credentials
[2021-05-31 18:40:43Z INFO ConfigurationStore] HasCredentials()
[2021-05-31 18:40:43Z INFO ConfigurationStore] stored True
[2021-05-31 18:40:43Z INFO CredentialManager] GetCredentialProvider
[2021-05-31 18:40:43Z INFO CredentialManager] Creating type OAuth
[2021-05-31 18:40:43Z INFO CredentialManager] Creating credential type: OAuth
[2021-05-31 18:40:43Z INFO HostContext] Well known directory 'Bin': '/Users/emilian.radu/Developer/personal/meetup/actions-runner/bin'
[2021-05-31 18:40:43Z INFO HostContext] Well known directory 'Root': '/Users/emilian.radu/Developer/personal/meetup/actions-runner'
[2021-05-31 18:40:43Z INFO HostContext] Well known config file 'RSACredentials': '/Users/emilian.radu/Developer/personal/meetup/actions-runner/.credentials_rsaparams'
[2021-05-31 18:40:43Z INFO RSAFileKeyManager] Loading RSA key parameters from file /Users/emilian.radu/Developer/personal/meetup/actions-runner/.credentials_rsaparams
[2021-05-31 18:40:44Z INFO MessageListener] Attempt to create session.
[2021-05-31 18:40:44Z INFO MessageListener] Connecting to the Runner Server...
[2021-05-31 18:40:44Z INFO RunnerServer] Establish connection with 100 seconds timeout.
[2021-05-31 18:40:44Z INFO GitHubActionsService] Starting operation Location.GetConnectionData
[2021-05-31 18:40:44Z INFO RunnerServer] Establish connection with 60 seconds timeout.
[2021-05-31 18:40:44Z INFO GitHubActionsService] Starting operation Location.GetConnectionData
[2021-05-31 18:40:44Z INFO RunnerServer] Establish connection with 60 seconds timeout.
[2021-05-31 18:40:44Z INFO GitHubActionsService] Starting operation Location.GetConnectionData
[2021-05-31 18:40:44Z INFO GitHubActionsService] Finished operation Location.GetConnectionData
[2021-05-31 18:40:44Z INFO GitHubActionsService] Finished operation Location.GetConnectionData
[2021-05-31 18:40:44Z INFO GitHubActionsService] Finished operation Location.GetConnectionData
[2021-05-31 18:40:45Z INFO MessageListener] VssConnection created
[2021-05-31 18:40:45Z INFO Terminal] WRITE LINE: 
[2021-05-31 18:40:45Z INFO Terminal] WRITE LINE: 
[2021-05-31 18:40:46Z WARN GitHubActionsService] Authentication failed with status code 401.
WWW-Authenticate: Bearer
Strict-Transport-Security: max-age=2592000
X-TFS-ProcessId: c1dfeedc-caa3-4bf9-ae8d-4226acb4ca1d
ActivityId: c920e63c-b521-45b4-b4be-6b547d715807
X-TFS-Session: bc8a4ea7-dcf7-4038-956a-b8b55296d7bf
X-VSS-E2EID: 928eeebb-6e1f-4560-8ff1-09217b18b5cf
X-VSS-SenderDeploymentId: ac98198d-4d34-0364-420d-bafa6e51dce2
X-TFS-ServiceError: The+user+%27System%3aPublicAccess%3baaaaaaaa-aaaa-aaaa-aaaa-aaaaaaaaaaaa%27+is+not+authorized+to+access+this+resource.
X-VSS-S2STargetService: 0000005A-0000-8888-8000-000000000000/visualstudio.com
X-Cache: CONFIG_NOCACHE
X-MSEdge-Ref: Ref A: 6DB170B275C247AB9C1770AF9071F46F Ref B: BUH01EDGE0717 Ref C: 2021-05-31T18:40:46Z
Date: Mon, 31 May 2021 18:40:46 GMT

[2021-05-31 18:40:46Z INFO RSAFileKeyManager] Loading RSA key parameters from file /Users/emilian.radu/Developer/personal/meetup/actions-runner/.credentials_rsaparams
[2021-05-31 18:40:46Z INFO RSAFileKeyManager] Loading RSA key parameters from file /Users/emilian.radu/Developer/personal/meetup/actions-runner/.credentials_rsaparams
[2021-05-31 18:40:46Z INFO GitHubActionsService] AAD Correlation ID for this token request: Unknown
[2021-05-31 18:40:46Z INFO MessageListener] Session created.
[2021-05-31 18:40:46Z INFO Terminal] WRITE LINE: 2021-05-31 18:40:46Z: Listening for Jobs
[2021-05-31 18:40:46Z INFO JobDispatcher] Set runner/worker IPC timeout to 30 seconds.
[2021-05-31 19:10:54Z INFO MessageListener] No message retrieved from session 'b7cc15ec-2f9f-468f-aa5e-2ed73ea43fe1' within last 30 minutes.
[2021-05-31 19:36:01Z WARN GitHubActionsService] Authentication failed with status code 401.
WWW-Authenticate: Bearer
Strict-Transport-Security: max-age=2592000
X-TFS-ProcessId: 94384122-e7c3-44ef-a047-53edb5e352ea
ActivityId: 83435f23-8141-4028-9aa9-5df8b2b045ad
X-TFS-Session: bc8a4ea7-dcf7-4038-956a-b8b55296d7bf
X-VSS-E2EID: 5cbbfb76-ceb8-4917-8a90-5ac2bbe9cfed
X-VSS-SenderDeploymentId: ac98198d-4d34-0364-420d-bafa6e51dce2
X-TFS-ServiceError: The+user+%27System%3aPublicAccess%3baaaaaaaa-aaaa-aaaa-aaaa-aaaaaaaaaaaa%27+is+not+authorized+to+access+this+resource.
X-VSS-S2STargetService: 0000005A-0000-8888-8000-000000000000/visualstudio.com
X-Cache: CONFIG_NOCACHE
X-MSEdge-Ref: Ref A: 94F153DD62C848BFB5C847DFB2472142 Ref B: BUH01EDGE0717 Ref C: 2021-05-31T19:36:01Z
Date: Mon, 31 May 2021 19:36:00 GMT

[2021-05-31 19:36:01Z INFO RSAFileKeyManager] Loading RSA key parameters from file /Users/emilian.radu/Developer/personal/meetup/actions-runner/.credentials_rsaparams
[2021-05-31 19:36:02Z INFO GitHubActionsService] AAD Correlation ID for this token request: Unknown
[2021-05-31 19:41:03Z INFO MessageListener] No message retrieved from session 'b7cc15ec-2f9f-468f-aa5e-2ed73ea43fe1' within last 30 minutes.
[2021-05-31 20:11:10Z INFO MessageListener] No message retrieved from session 'b7cc15ec-2f9f-468f-aa5e-2ed73ea43fe1' within last 30 minutes.
